<?xml version="1.0" encoding="UTF-8"?>
<!-- Generated by org.testng.reporters.JUnitReportReporter -->
<testsuite name="MavenDemo.DemoOpeningGoogle" tests="1" time="25.382" ignored="0" failures="0" timestamp="16 Feb 2017 16:43:39 GMT" skipped="0" hostname="Vijay" errors="0">
  <testcase name="openBrowser" time="25.382" classname="MavenDemo.DemoOpeningGoogle"/>
</testsuite> <!-- MavenDemo.DemoOpeningGoogle -->
