<?xml version="1.0" encoding="UTF-8"?>
<!-- Generated by org.testng.reporters.JUnitReportReporter -->
<testsuite name="com.hrm.scripts.CreateEmployee" tests="1" time="25.910" ignored="0" failures="0" timestamp="13 Feb 2017 10:25:08 GMT" skipped="0" hostname="Vijay" errors="0">
  <testcase name="testCreateEmployee" time="25.910" classname="com.hrm.scripts.CreateEmployee"/>
</testsuite> <!-- com.hrm.scripts.CreateEmployee -->
