<?xml version="1.0" encoding="UTF-8"?>
<!-- Generated by org.testng.reporters.JUnitReportReporter -->
<testsuite name="com.hrm.scripts.DeleteEmployee" tests="1" time="106.611" ignored="0" failures="0" timestamp="13 Feb 2017 15:37:55 GMT" skipped="0" hostname="Vijay" errors="0">
  <testcase name="testDeleteEmployee" time="106.611" classname="com.hrm.scripts.DeleteEmployee"/>
</testsuite> <!-- com.hrm.scripts.DeleteEmployee -->
