<?xml version="1.0" encoding="UTF-8"?>
<!-- Generated by org.testng.reporters.JUnitReportReporter -->
<testsuite name="MavenDemo.Demo" tests="1" time="0.009" ignored="0" failures="0" timestamp="16 Feb 2017 16:36:53 GMT" skipped="0" hostname="Vijay" errors="0">
  <testcase name="test" time="0.009" classname="MavenDemo.Demo"/>
</testsuite> <!-- MavenDemo.Demo -->
